-------------------------------------------------------------------------------
Test set: com.testando.carro.CarroTest
-------------------------------------------------------------------------------
Tests run: 18, Failures: 2, Errors: 0, Skipped: 0, Time elapsed: 0.107 s <<< FAILURE! -- in com.testando.carro.CarroTest
com.testando.carro.CarroTest.testTransmissaoTrocarMarcha -- Time elapsed: 0.005 s <<< FAILURE!
org.opentest4j.AssertionFailedError: expected: <1> but was: <0>
	at org.junit.jupiter.api.AssertionFailureBuilder.build(AssertionFailureBuilder.java:151)
	at org.junit.jupiter.api.AssertionFailureBuilder.buildAndThrow(AssertionFailureBuilder.java:132)
	at org.junit.jupiter.api.AssertEquals.failNotEqual(AssertEquals.java:197)
	at org.junit.jupiter.api.AssertEquals.assertEquals(AssertEquals.java:150)
	at org.junit.jupiter.api.AssertEquals.assertEquals(AssertEquals.java:145)
	at org.junit.jupiter.api.Assertions.assertEquals(Assertions.java:527)
	at com.testando.carro.CarroTest.testTransmissaoTrocarMarcha(CarroTest.java:90)
	at java.base/java.lang.reflect.Method.invoke(Method.java:580)
	at java.base/java.util.ArrayList.forEach(ArrayList.java:1597)
	at java.base/java.util.ArrayList.forEach(ArrayList.java:1597)

com.testando.carro.CarroTest.testNaoAumentaMarchaAcimaDoLimite -- Time elapsed: 0.002 s <<< FAILURE!
org.opentest4j.AssertionFailedError: A marcha não deve ultrapassar o limite máximo ==> expected: <6> but was: <0>
	at org.junit.jupiter.api.AssertionFailureBuilder.build(AssertionFailureBuilder.java:151)
	at org.junit.jupiter.api.AssertionFailureBuilder.buildAndThrow(AssertionFailureBuilder.java:132)
	at org.junit.jupiter.api.AssertEquals.failNotEqual(AssertEquals.java:197)
	at org.junit.jupiter.api.AssertEquals.assertEquals(AssertEquals.java:150)
	at org.junit.jupiter.api.Assertions.assertEquals(Assertions.java:559)
	at com.testando.carro.CarroTest.testNaoAumentaMarchaAcimaDoLimite(CarroTest.java:111)
	at java.base/java.lang.reflect.Method.invoke(Method.java:580)
	at java.base/java.util.ArrayList.forEach(ArrayList.java:1597)
	at java.base/java.util.ArrayList.forEach(ArrayList.java:1597)

