<?xml version="1.0" encoding="UTF-8"?>
<testsuite xmlns:xsi="http://www.w3.org/2001/XMLSchema-instance" xsi:noNamespaceSchemaLocation="https://maven.apache.org/surefire/maven-surefire-plugin/xsd/surefire-test-report-3.0.xsd" version="3.0" name="com.testando.carro.CarroTest" time="0.092" tests="17" errors="0" skipped="0" failures="0">
  <properties>
[...]
</properties>
  <testcase name="testAbrirPortaComMotorDesligado" classname="com.testando.carro.CarroTest" time="0.03">
    <system-out><![CDATA[Porta destravada
Porta aberta.
]]></system-out>
  </testcase>
  <testcase name="testEventosEmOrdemEsperada" classname="com.testando.carro.CarroTest" time="0.002"/>
  <testcase name="testAbrirPortaComMotorLigadoLancaExcecao" classname="com.testando.carro.CarroTest" time="0.002">
    <system-out><![CDATA[Motor ligado
Porta destravada
]]></system-out>
  </testcase>
  <testcase name="testFrearAcendeLuzDeFreio" classname="com.testando.carro.CarroTest" time="0.001">
    <system-out><![CDATA[Luzes acesas: freio
Carro freando
]]></system-out>
  </testcase>
  <testcase name="testSensorInexistente" classname="com.testando.carro.CarroTest" time="0.002"/>
  <testcase name="testPainelOutput" classname="com.testando.carro.CarroTest" time="0.003"/>
  <testcase name="testPainelMostraBateriaDescarregada" classname="com.testando.carro.CarroTest" time="0.005">
    <system-out><![CDATA[Bateria consumida. Capacidade restante: 38.0
Bateria consumida. Capacidade restante: 28.0
Bateria consumida. Capacidade restante: 18.0
Bateria consumida. Capacidade restante: 8.0
Bateria descarregada.
]]></system-out>
  </testcase>
  <testcase name="testAceleracaoReduzBateria" classname="com.testando.carro.CarroTest" time="0.004">
    <system-out><![CDATA[Motor ligado
Bateria consumida. Capacidade restante: 46.0
Suspensão ajustada automaticamente conforme marcha: 1
Desgaste aplicado. Capacidade restante: 39.0
Combustível consumido. Nível atual: 8.5
Bateria carregada. Capacidade atual: 47.0
A porta já está travada.
A porta já está travada.
Carro acelerando
]]></system-out>
  </testcase>
  <testcase name="testMotorNaoLigaSemCombustivelOuBateria" classname="com.testando.carro.CarroTest" time="0.002">
    <system-out><![CDATA[Tanque vazio!
Bateria consumida. Capacidade restante: 38.0
Bateria consumida. Capacidade restante: 28.0
Bateria consumida. Capacidade restante: 18.0
Bateria consumida. Capacidade restante: 8.0
Bateria descarregada.
ERRO: A bateria está vazia
]]></system-out>
  </testcase>
  <testcase name="testAceleracaoConsomeCombustivel" classname="com.testando.carro.CarroTest" time="0.002">
    <system-out><![CDATA[Motor ligado
Bateria consumida. Capacidade restante: 46.0
Suspensão ajustada automaticamente conforme marcha: 1
Desgaste aplicado. Capacidade restante: 39.0
Combustível consumido. Nível atual: 8.5
Bateria carregada. Capacidade atual: 47.0
A porta já está travada.
A porta já está travada.
Carro acelerando
]]></system-out>
  </testcase>
  <testcase name="testSuspensaoSeAjustaConformeMarcha" classname="com.testando.carro.CarroTest" time="0.003">
    <system-out><![CDATA[Motor ligado
Bateria consumida. Capacidade restante: 46.0
Suspensão ajustada automaticamente conforme marcha: 2
Desgaste aplicado. Capacidade restante: 39.0
Combustível consumido. Nível atual: 8.5
Bateria carregada. Capacidade atual: 47.0
A porta já está travada.
A porta já está travada.
Carro acelerando
Bateria consumida. Capacidade restante: 45.0
Suspensão ajustada automaticamente conforme marcha: 3
Desgaste aplicado. Capacidade restante: 38.0
Combustível consumido. Nível atual: 7.0
Bateria carregada. Capacidade atual: 46.0
A porta já está travada.
A porta já está travada.
Carro acelerando
Bateria consumida. Capacidade restante: 44.0
Suspensão ajustada automaticamente conforme marcha: 4
Desgaste aplicado. Capacidade restante: 37.0
Combustível consumido. Nível atual: 5.5
Bateria carregada. Capacidade atual: 45.0
A porta já está travada.
A porta já está travada.
Carro acelerando
Bateria consumida. Capacidade restante: 43.0
Suspensão ajustada automaticamente conforme marcha: 5
Desgaste aplicado. Capacidade restante: 36.0
Combustível consumido. Nível atual: 4.0
Bateria carregada. Capacidade atual: 44.0
A porta já está travada.
A porta já está travada.
Carro acelerando
]]></system-out>
  </testcase>
  <testcase name="testPortasCorretamenteCriadas" classname="com.testando.carro.CarroTest" time="0.002"/>
  <testcase name="testAceleracaoTravaPortas" classname="com.testando.carro.CarroTest" time="0.001">
    <system-out><![CDATA[Porta destravada
Motor ligado
Bateria consumida. Capacidade restante: 46.0
Suspensão ajustada automaticamente conforme marcha: 1
Desgaste aplicado. Capacidade restante: 39.0
Combustível consumido. Nível atual: 8.5
Bateria carregada. Capacidade atual: 47.0
Porta travada.
A porta já está travada.
Carro acelerando
]]></system-out>
  </testcase>
  <testcase name="testBancoNaoAjustaComBateriaZerada" classname="com.testando.carro.CarroTest" time="0.0">
    <system-out><![CDATA[Bateria consumida. Capacidade restante: 38.0
Bateria consumida. Capacidade restante: 28.0
Bateria consumida. Capacidade restante: 18.0
Bateria consumida. Capacidade restante: 8.0
Bateria descarregada.
ERRO: NÃO FOI POSSÍVEL AJUSTAR A ALTURA
]]></system-out>
  </testcase>
  <testcase name="testAceleracaoDesgastaPneus" classname="com.testando.carro.CarroTest" time="0.001">
    <system-out><![CDATA[Motor ligado
Bateria consumida. Capacidade restante: 46.0
Suspensão ajustada automaticamente conforme marcha: 1
Desgaste aplicado. Capacidade restante: 39.0
Combustível consumido. Nível atual: 8.5
Bateria carregada. Capacidade atual: 47.0
A porta já está travada.
A porta já está travada.
Carro acelerando
]]></system-out>
  </testcase>
  <testcase name="testAceleracaoRecarregaBateria" classname="com.testando.carro.CarroTest" time="0.002">
    <system-out><![CDATA[Bateria consumida. Capacidade restante: 38.0
Bateria consumida. Capacidade restante: 28.0
Bateria consumida. Capacidade restante: 18.0
Bateria consumida. Capacidade restante: 8.0
Bateria descarregada.
ERRO: A bateria está vazia
Bateria descarregada.
ERRO: Bateria vazia, ou altura errada
Suspensão ajustada automaticamente conforme marcha: 1
Desgaste aplicado. Capacidade restante: 39.0
Combustível consumido. Nível atual: 8.5
Bateria recarregada e reativada.
A porta já está travada.
A porta já está travada.
Carro acelerando
]]></system-out>
  </testcase>
  <testcase name="testAceleracaoAumentaMarcha" classname="com.testando.carro.CarroTest" time="0.002">
    <system-out><![CDATA[Motor ligado
Bateria consumida. Capacidade restante: 46.0
Suspensão ajustada automaticamente conforme marcha: 1
Desgaste aplicado. Capacidade restante: 39.0
Combustível consumido. Nível atual: 8.5
Bateria carregada. Capacidade atual: 47.0
A porta já está travada.
A porta já está travada.
Carro acelerando
]]></system-out>
  </testcase>
</testsuite>