<?xml version="1.0" encoding="UTF-8"?>
<testsuite xmlns:xsi="http://www.w3.org/2001/XMLSchema-instance" xsi:noNamespaceSchemaLocation="https://maven.apache.org/surefire/maven-surefire-plugin/xsd/surefire-test-report-3.0.xsd" version="3.0" name="com.testando.carro.CarroTest" time="0.026" tests="1" errors="0" skipped="0" failures="0">
  <properties>
[...]
</properties>
  <testcase name="testAcelerar" classname="com.testando.carro.CarroTest" time="0.015">
    <system-out><![CDATA[Motor ligado
Marcha aumentada para 1
Sistema eletrico ativado.
]]></system-out>
  </testcase>
</testsuite>