<?xml version="1.0" encoding="UTF-8"?>
<testsuite xmlns:xsi="http://www.w3.org/2001/XMLSchema-instance" xsi:noNamespaceSchemaLocation="https://maven.apache.org/surefire/maven-surefire-plugin/xsd/surefire-test-report-3.0.xsd" version="3.0" name="com.testando.carro.CarroTest" time="0.082" tests="18" errors="0" skipped="0" failures="0">
  <properties>
[...]
</properties>
  <testcase name="testPortaInicialmenteTravada" classname="com.testando.carro.CarroTest" time="0.033">
    <system-out><![CDATA[ERRO: PORTA TRAVADA WIIIWOOOWIIIWOOOWIIIWOOO!!!!
]]></system-out>
  </testcase>
  <testcase name="testVerificarPressaoComAssertEquals" classname="com.testando.carro.CarroTest" time="0.001"/>
  <testcase name="testPainelLigarDisplayNaoLancaExcecao" classname="com.testando.carro.CarroTest" time="0.002">
    <system-out><![CDATA[Display ligado.
]]></system-out>
  </testcase>
  <testcase name="testFreiarMultiplasVezesAcumulaDesgaste" classname="com.testando.carro.CarroTest" time="0.0"/>
  <testcase name="testMotorLigar" classname="com.testando.carro.CarroTest" time="0.001">
    <system-out><![CDATA[ERRO: Sem combustivel
]]></system-out>
  </testcase>
  <testcase name="testLuzesTipoNaoNula" classname="com.testando.carro.CarroTest" time="0.001"/>
  <testcase name="testMotorTimeoutOperacao" classname="com.testando.carro.CarroTest" time="0.002">
    <system-out><![CDATA[Carro acelerando
]]></system-out>
  </testcase>
  <testcase name="testAjustarEncostoComAssertEquals" classname="com.testando.carro.CarroTest" time="0.001">
    <system-out><![CDATA[Encosto ajustado para: Reclinado
]]></system-out>
  </testcase>
  <testcase name="testAjustarPressaoExcedeCapacidadeComAssertNotEquals" classname="com.testando.carro.CarroTest" time="0.002">
    <system-out><![CDATA[ERRO: CAPACIDADE INVALIDA (Maior que a capacidade)
]]></system-out>
  </testcase>
  <testcase name="testTransmissaoTrocarMarcha" classname="com.testando.carro.CarroTest" time="0.001"/>
  <testcase name="testAjustarAlturaComAssertTimeout" classname="com.testando.carro.CarroTest" time="0.005">
    <system-out><![CDATA[Altura ajustada para: 10.0 cm
]]></system-out>
  </testcase>
  <testcase name="testPainelDisplayIniciaDesligado" classname="com.testando.carro.CarroTest" time="0.001"/>
  <testcase name="testPortaDestravarComChaveCorreta" classname="com.testando.carro.CarroTest" time="0.0">
    <system-out><![CDATA[Porta destravada
Porta aberta.
]]></system-out>
  </testcase>
  <testcase name="testSuspensaoAjustarAlturaValida" classname="com.testando.carro.CarroTest" time="0.001"/>
  <testcase name="testNaoAumentaMarchaAcimaDoLimite" classname="com.testando.carro.CarroTest" time="0.001">
    <system-out><![CDATA[ERRO: Marcha Inválida
]]></system-out>
  </testcase>
  <testcase name="testSuspensaoTipoEsperado" classname="com.testando.carro.CarroTest" time="0.001"/>
  <testcase name="testLuzesEstadoInicial" classname="com.testando.carro.CarroTest" time="0.0"/>
  <testcase name="testSubstituirPastilhasZeraDesgaste" classname="com.testando.carro.CarroTest" time="0.0"/>
</testsuite>